<?xml version="1.0" encoding="UTF-8"?>
<testsuite xmlns:xsi="http://www.w3.org/2001/XMLSchema-instance" xsi:noNamespaceSchemaLocation="https://maven.apache.org/surefire/maven-surefire-plugin/xsd/surefire-test-report-3.0.xsd" version="3.0" name="com.vertexid.commons.crypto.RSACryptographicUtilTest" time="1.831" tests="1" errors="0" skipped="0" failures="0">
  <properties>
    <property name="sun.desktop" value="windows"/>
    <property name="awt.toolkit" value="sun.awt.windows.WToolkit"/>
    <property name="file.encoding.pkg" value="sun.io"/>
    <property name="java.specification.version" value="1.8"/>
    <property name="sun.cpu.isalist" value="amd64"/>
    <property name="sun.jnu.encoding" value="MS949"/>
    <property name="java.class.path" value="C:\LMS\workspace\Support\target\test-classes;C:\LMS\workspace\Support\target\classes;C:\LMS\repository\junit\junit\4.13.2\junit-4.13.2.jar;C:\LMS\repository\org\hamcrest\hamcrest-core\1.3\hamcrest-core-1.3.jar;C:\LMS\repository\org\springframework\spring-test\5.3.19\spring-test-5.3.19.jar;C:\LMS\repository\org\springframework\spring-core\5.3.19\spring-core-5.3.19.jar;C:\LMS\repository\org\springframework\spring-jcl\5.3.19\spring-jcl-5.3.19.jar;C:\LMS\repository\org\mariadb\jdbc\mariadb-java-client\3.1.2\mariadb-java-client-3.1.2.jar;C:\LMS\repository\com\github\waffle\waffle-jna\3.2.0\waffle-jna-3.2.0.jar;C:\LMS\repository\net\java\dev\jna\jna\5.12.1\jna-5.12.1.jar;C:\LMS\repository\net\java\dev\jna\jna-platform\5.12.1\jna-platform-5.12.1.jar;C:\LMS\repository\org\slf4j\jcl-over-slf4j\1.7.36\jcl-over-slf4j-1.7.36.jar;C:\LMS\repository\com\github\ben-manes\caffeine\caffeine\2.9.3\caffeine-2.9.3.jar;C:\LMS\repository\com\google\errorprone\error_prone_annotations\2.10.0\error_prone_annotations-2.10.0.jar;C:\LMS\repository\org\checkerframework\checker-qual\3.23.0\checker-qual-3.23.0.jar;C:\LMS\repository\javax\annotation\javax.annotation-api\1.3.2\javax.annotation-api-1.3.2.jar;C:\LMS\repository\javax\servlet\javax.servlet-api\4.0.1\javax.servlet-api-4.0.1.jar;C:\LMS\repository\javax\el\javax.el-api\3.0.0\javax.el-api-3.0.0.jar;C:\LMS\repository\javax\servlet\jstl\1.2\jstl-1.2.jar;C:\LMS\repository\javax\servlet\jsp\jstl\javax.servlet.jsp.jstl-api\1.2.2\javax.servlet.jsp.jstl-api-1.2.2.jar;C:\LMS\repository\javax\activation\activation\1.1.1\activation-1.1.1.jar;C:\LMS\repository\javax\mail\mail\1.4.7\mail-1.4.7.jar;C:\LMS\repository\jakarta\mail\jakarta.mail-api\2.1.0\jakarta.mail-api-2.1.0.jar;C:\LMS\repository\jakarta\activation\jakarta.activation-api\2.1.0\jakarta.activation-api-2.1.0.jar;C:\LMS\repository\com\sun\mail\jakarta.mail\2.0.1\jakarta.mail-2.0.1.jar;C:\LMS\repository\com\sun\activation\jakarta.activation\2.0.1\jakarta.activation-2.0.1.jar;C:\LMS\repository\org\apache\commons\commons-lang3\3.12.0\commons-lang3-3.12.0.jar;C:\LMS\repository\org\apache\commons\commons-text\1.10.0\commons-text-1.10.0.jar;C:\LMS\repository\commons-codec\commons-codec\1.15\commons-codec-1.15.jar;C:\LMS\repository\org\apache\commons\commons-dbcp2\2.5.0\commons-dbcp2-2.5.0.jar;C:\LMS\repository\org\apache\commons\commons-pool2\2.6.0\commons-pool2-2.6.0.jar;C:\LMS\repository\commons-logging\commons-logging\1.2\commons-logging-1.2.jar;C:\LMS\repository\org\apache\tiles\tiles-extras\3.0.8\tiles-extras-3.0.8.jar;C:\LMS\repository\org\apache\tiles\tiles-core\3.0.8\tiles-core-3.0.8.jar;C:\LMS\repository\org\apache\tiles\tiles-api\3.0.8\tiles-api-3.0.8.jar;C:\LMS\repository\commons-digester\commons-digester\2.0\commons-digester-2.0.jar;C:\LMS\repository\org\apache\tiles\tiles-request-servlet-wildcard\1.0.7\tiles-request-servlet-wildcard-1.0.7.jar;C:\LMS\repository\org\apache\tiles\tiles-request-servlet\1.0.7\tiles-request-servlet-1.0.7.jar;C:\LMS\repository\org\apache\tiles\tiles-request-mustache\1.0.7\tiles-request-mustache-1.0.7.jar;C:\LMS\repository\org\apache\tiles\tiles-request-api\1.0.7\tiles-request-api-1.0.7.jar;C:\LMS\repository\com\github\spullara\mustache\java\compiler\0.8.4\compiler-0.8.4.jar;C:\LMS\repository\org\apache\tiles\tiles-jsp\3.0.8\tiles-jsp-3.0.8.jar;C:\LMS\repository\org\apache\tiles\tiles-servlet\3.0.8\tiles-servlet-3.0.8.jar;C:\LMS\repository\org\apache\tiles\tiles-template\3.0.8\tiles-template-3.0.8.jar;C:\LMS\repository\org\apache\tiles\tiles-autotag-core-runtime\1.2\tiles-autotag-core-runtime-1.2.jar;C:\LMS\repository\org\apache\tiles\tiles-request-jsp\1.0.7\tiles-request-jsp-1.0.7.jar;C:\LMS\repository\org\apache\tiles\tiles-freemarker\3.0.8\tiles-freemarker-3.0.8.jar;C:\LMS\repository\org\apache\tiles\tiles-request-freemarker\1.0.7\tiles-request-freemarker-1.0.7.jar;C:\LMS\repository\org\freemarker\freemarker\2.3.15\freemarker-2.3.15.jar;C:\LMS\repository\org\apache\tiles\tiles-velocity\3.0.8\tiles-velocity-3.0.8.jar;C:\LMS\repository\org\apache\velocity\velocity-tools\2.0\velocity-tools-2.0.jar;C:\LMS\repository\oro\oro\2.0.8\oro-2.0.8.jar;C:\LMS\repository\org\apache\velocity\velocity\1.6.2\velocity-1.6.2.jar;C:\LMS\repository\org\apache\tiles\tiles-request-velocity\1.0.7\tiles-request-velocity-1.0.7.jar;C:\LMS\repository\org\apache\tiles\tiles-el\3.0.8\tiles-el-3.0.8.jar;C:\LMS\repository\org\apache\tiles\tiles-mvel\3.0.8\tiles-mvel-3.0.8.jar;C:\LMS\repository\org\mvel\mvel2\2.0.11\mvel2-2.0.11.jar;C:\LMS\repository\org\apache\tiles\tiles-ognl\3.0.8\tiles-ognl-3.0.8.jar;C:\LMS\repository\ognl\ognl\2.7.3\ognl-2.7.3.jar;C:\LMS\repository\jboss\javassist\3.7.ga\javassist-3.7.ga.jar;C:\LMS\repository\org\apache\tiles\tiles-compat\3.0.8\tiles-compat-3.0.8.jar;C:\LMS\repository\com\google\guava\guava\12.0.1\guava-12.0.1.jar;C:\LMS\repository\com\google\code\findbugs\jsr305\1.3.9\jsr305-1.3.9.jar;C:\LMS\repository\org\slf4j\slf4j-api\1.7.6\slf4j-api-1.7.6.jar;C:\LMS\repository\commons-fileupload\commons-fileupload\1.4\commons-fileupload-1.4.jar;C:\LMS\repository\org\mybatis\mybatis\3.5.11\mybatis-3.5.11.jar;C:\LMS\repository\org\mybatis\mybatis-spring\2.0.7\mybatis-spring-2.0.7.jar;C:\LMS\repository\org\apache\logging\log4j\log4j-api\2.19.0\log4j-api-2.19.0.jar;C:\LMS\repository\org\apache\logging\log4j\log4j-core\2.19.0\log4j-core-2.19.0.jar;C:\LMS\repository\org\apache\logging\log4j\log4j-slf4j-impl\2.19.0\log4j-slf4j-impl-2.19.0.jar;C:\LMS\repository\org\aspectj\aspectjweaver\1.9.19\aspectjweaver-1.9.19.jar;C:\LMS\repository\org\aspectj\aspectjrt\1.9.19\aspectjrt-1.9.19.jar;C:\LMS\repository\org\springframework\spring-webmvc\5.3.19\spring-webmvc-5.3.19.jar;C:\LMS\repository\org\springframework\spring-aop\5.3.19\spring-aop-5.3.19.jar;C:\LMS\repository\org\springframework\spring-context\5.3.19\spring-context-5.3.19.jar;C:\LMS\repository\org\springframework\spring-expression\5.3.19\spring-expression-5.3.19.jar;C:\LMS\repository\org\springframework\spring-web\5.3.19\spring-web-5.3.19.jar;C:\LMS\repository\org\springframework\spring-jdbc\5.3.19\spring-jdbc-5.3.19.jar;C:\LMS\repository\org\springframework\spring-tx\5.3.19\spring-tx-5.3.19.jar;C:\LMS\repository\org\springframework\spring-context-support\5.3.19\spring-context-support-5.3.19.jar;C:\LMS\repository\org\springframework\spring-beans\5.3.19\spring-beans-5.3.19.jar;C:\LMS\repository\org\springframework\security\spring-security-core\5.6.3\spring-security-core-5.6.3.jar;C:\LMS\repository\org\springframework\security\spring-security-crypto\5.6.3\spring-security-crypto-5.6.3.jar;C:\LMS\repository\org\springframework\security\spring-security-web\5.6.3\spring-security-web-5.6.3.jar;C:\LMS\repository\org\springframework\security\spring-security-config\5.6.3\spring-security-config-5.6.3.jar;C:\LMS\repository\org\springframework\security\spring-security-acl\5.6.3\spring-security-acl-5.6.3.jar;C:\LMS\repository\com\fasterxml\jackson\core\jackson-core\2.14.0\jackson-core-2.14.0.jar;C:\LMS\repository\com\fasterxml\jackson\core\jackson-databind\2.14.0\jackson-databind-2.14.0.jar;C:\LMS\repository\com\fasterxml\jackson\core\jackson-annotations\2.14.0\jackson-annotations-2.14.0.jar;C:\LMS\repository\net\sf\json-lib\json-lib\2.4\json-lib-2.4-jdk13.jar;C:\LMS\repository\commons-beanutils\commons-beanutils\1.8.0\commons-beanutils-1.8.0.jar;C:\LMS\repository\commons-collections\commons-collections\3.2.1\commons-collections-3.2.1.jar;C:\LMS\repository\commons-lang\commons-lang\2.5\commons-lang-2.5.jar;C:\LMS\repository\net\sf\ezmorph\ezmorph\1.0.6\ezmorph-1.0.6.jar;C:\LMS\repository\joda-time\joda-time\2.12.2\joda-time-2.12.2.jar;C:\LMS\repository\org\quartz-scheduler\quartz\2.3.2\quartz-2.3.2.jar;C:\LMS\repository\com\mchange\c3p0\0.9.5.4\c3p0-0.9.5.4.jar;C:\LMS\repository\com\mchange\mchange-commons-java\0.2.15\mchange-commons-java-0.2.15.jar;C:\LMS\repository\com\zaxxer\HikariCP-java7\2.4.13\HikariCP-java7-2.4.13.jar;C:\LMS\repository\commons-io\commons-io\2.11.0\commons-io-2.11.0.jar;C:\LMS\repository\org\jsoup\jsoup\1.15.4\jsoup-1.15.4.jar;C:\LMS\repository\org\apache\poi\poi\5.2.2\poi-5.2.2.jar;C:\LMS\repository\org\apache\commons\commons-collections4\4.4\commons-collections4-4.4.jar;C:\LMS\repository\org\apache\commons\commons-math3\3.6.1\commons-math3-3.6.1.jar;C:\LMS\repository\com\zaxxer\SparseBitSet\1.2\SparseBitSet-1.2.jar;C:\LMS\repository\org\apache\poi\poi-ooxml\5.2.2\poi-ooxml-5.2.2.jar;C:\LMS\repository\org\apache\poi\poi-ooxml-lite\5.2.2\poi-ooxml-lite-5.2.2.jar;C:\LMS\repository\org\apache\xmlbeans\xmlbeans\5.0.3\xmlbeans-5.0.3.jar;C:\LMS\repository\xml-apis\xml-apis\1.4.01\xml-apis-1.4.01.jar;C:\LMS\repository\org\apache\commons\commons-compress\1.21\commons-compress-1.21.jar;C:\LMS\repository\com\github\virtuald\curvesapi\1.07\curvesapi-1.07.jar;C:\LMS\repository\org\apache\poi\poi-scratchpad\5.2.2\poi-scratchpad-5.2.2.jar;C:\LMS\repository\org\apache\httpcomponents\httpclient\4.5.14\httpclient-4.5.14.jar;C:\LMS\repository\org\apache\httpcomponents\httpcore\4.4.16\httpcore-4.4.16.jar;C:\LMS\repository\io\jsonwebtoken\jjwt-api\0.11.5\jjwt-api-0.11.5.jar;C:\LMS\repository\io\jsonwebtoken\jjwt-impl\0.11.5\jjwt-impl-0.11.5.jar;C:\LMS\repository\io\jsonwebtoken\jjwt-jackson\0.11.5\jjwt-jackson-0.11.5.jar;C:\LMS\repository\com\jcraft\jsch\0.1.55\jsch-0.1.55.jar;"/>
    <property name="java.vm.vendor" value="Oracle Corporation"/>
    <property name="sun.arch.data.model" value="64"/>
    <property name="user.variant" value=""/>
    <property name="java.vendor.url" value="http://java.oracle.com/"/>
    <property name="user.timezone" value="Asia/Seoul"/>
    <property name="java.vm.specification.version" value="1.8"/>
    <property name="os.name" value="Windows 10"/>
    <property name="user.country" value="KR"/>
    <property name="sun.java.launcher" value="SUN_STANDARD"/>
    <property name="sun.boot.library.path" value="C:\LMS\java\jdk1.8.0_91\jre\bin"/>
    <property name="sun.java.command" value="C:\Users\dcshin\AppData\Local\Temp\surefire5920660352912915889\surefirebooter-20230703090639980_3.jar C:\Users\dcshin\AppData\Local\Temp\surefire5920660352912915889 2023-07-03T09-06-39_188-jvmRun1 surefire-20230703090639980_1tmp surefire_0-20230703090639980_2tmp"/>
    <property name="surefire.test.class.path" value="C:\LMS\workspace\Support\target\test-classes;C:\LMS\workspace\Support\target\classes;C:\LMS\repository\junit\junit\4.13.2\junit-4.13.2.jar;C:\LMS\repository\org\hamcrest\hamcrest-core\1.3\hamcrest-core-1.3.jar;C:\LMS\repository\org\springframework\spring-test\5.3.19\spring-test-5.3.19.jar;C:\LMS\repository\org\springframework\spring-core\5.3.19\spring-core-5.3.19.jar;C:\LMS\repository\org\springframework\spring-jcl\5.3.19\spring-jcl-5.3.19.jar;C:\LMS\repository\org\mariadb\jdbc\mariadb-java-client\3.1.2\mariadb-java-client-3.1.2.jar;C:\LMS\repository\com\github\waffle\waffle-jna\3.2.0\waffle-jna-3.2.0.jar;C:\LMS\repository\net\java\dev\jna\jna\5.12.1\jna-5.12.1.jar;C:\LMS\repository\net\java\dev\jna\jna-platform\5.12.1\jna-platform-5.12.1.jar;C:\LMS\repository\org\slf4j\jcl-over-slf4j\1.7.36\jcl-over-slf4j-1.7.36.jar;C:\LMS\repository\com\github\ben-manes\caffeine\caffeine\2.9.3\caffeine-2.9.3.jar;C:\LMS\repository\com\google\errorprone\error_prone_annotations\2.10.0\error_prone_annotations-2.10.0.jar;C:\LMS\repository\org\checkerframework\checker-qual\3.23.0\checker-qual-3.23.0.jar;C:\LMS\repository\javax\annotation\javax.annotation-api\1.3.2\javax.annotation-api-1.3.2.jar;C:\LMS\repository\javax\servlet\javax.servlet-api\4.0.1\javax.servlet-api-4.0.1.jar;C:\LMS\repository\javax\el\javax.el-api\3.0.0\javax.el-api-3.0.0.jar;C:\LMS\repository\javax\servlet\jstl\1.2\jstl-1.2.jar;C:\LMS\repository\javax\servlet\jsp\jstl\javax.servlet.jsp.jstl-api\1.2.2\javax.servlet.jsp.jstl-api-1.2.2.jar;C:\LMS\repository\javax\activation\activation\1.1.1\activation-1.1.1.jar;C:\LMS\repository\javax\mail\mail\1.4.7\mail-1.4.7.jar;C:\LMS\repository\jakarta\mail\jakarta.mail-api\2.1.0\jakarta.mail-api-2.1.0.jar;C:\LMS\repository\jakarta\activation\jakarta.activation-api\2.1.0\jakarta.activation-api-2.1.0.jar;C:\LMS\repository\com\sun\mail\jakarta.mail\2.0.1\jakarta.mail-2.0.1.jar;C:\LMS\repository\com\sun\activation\jakarta.activation\2.0.1\jakarta.activation-2.0.1.jar;C:\LMS\repository\org\apache\commons\commons-lang3\3.12.0\commons-lang3-3.12.0.jar;C:\LMS\repository\org\apache\commons\commons-text\1.10.0\commons-text-1.10.0.jar;C:\LMS\repository\commons-codec\commons-codec\1.15\commons-codec-1.15.jar;C:\LMS\repository\org\apache\commons\commons-dbcp2\2.5.0\commons-dbcp2-2.5.0.jar;C:\LMS\repository\org\apache\commons\commons-pool2\2.6.0\commons-pool2-2.6.0.jar;C:\LMS\repository\commons-logging\commons-logging\1.2\commons-logging-1.2.jar;C:\LMS\repository\org\apache\tiles\tiles-extras\3.0.8\tiles-extras-3.0.8.jar;C:\LMS\repository\org\apache\tiles\tiles-core\3.0.8\tiles-core-3.0.8.jar;C:\LMS\repository\org\apache\tiles\tiles-api\3.0.8\tiles-api-3.0.8.jar;C:\LMS\repository\commons-digester\commons-digester\2.0\commons-digester-2.0.jar;C:\LMS\repository\org\apache\tiles\tiles-request-servlet-wildcard\1.0.7\tiles-request-servlet-wildcard-1.0.7.jar;C:\LMS\repository\org\apache\tiles\tiles-request-servlet\1.0.7\tiles-request-servlet-1.0.7.jar;C:\LMS\repository\org\apache\tiles\tiles-request-mustache\1.0.7\tiles-request-mustache-1.0.7.jar;C:\LMS\repository\org\apache\tiles\tiles-request-api\1.0.7\tiles-request-api-1.0.7.jar;C:\LMS\repository\com\github\spullara\mustache\java\compiler\0.8.4\compiler-0.8.4.jar;C:\LMS\repository\org\apache\tiles\tiles-jsp\3.0.8\tiles-jsp-3.0.8.jar;C:\LMS\repository\org\apache\tiles\tiles-servlet\3.0.8\tiles-servlet-3.0.8.jar;C:\LMS\repository\org\apache\tiles\tiles-template\3.0.8\tiles-template-3.0.8.jar;C:\LMS\repository\org\apache\tiles\tiles-autotag-core-runtime\1.2\tiles-autotag-core-runtime-1.2.jar;C:\LMS\repository\org\apache\tiles\tiles-request-jsp\1.0.7\tiles-request-jsp-1.0.7.jar;C:\LMS\repository\org\apache\tiles\tiles-freemarker\3.0.8\tiles-freemarker-3.0.8.jar;C:\LMS\repository\org\apache\tiles\tiles-request-freemarker\1.0.7\tiles-request-freemarker-1.0.7.jar;C:\LMS\repository\org\freemarker\freemarker\2.3.15\freemarker-2.3.15.jar;C:\LMS\repository\org\apache\tiles\tiles-velocity\3.0.8\tiles-velocity-3.0.8.jar;C:\LMS\repository\org\apache\velocity\velocity-tools\2.0\velocity-tools-2.0.jar;C:\LMS\repository\oro\oro\2.0.8\oro-2.0.8.jar;C:\LMS\repository\org\apache\velocity\velocity\1.6.2\velocity-1.6.2.jar;C:\LMS\repository\org\apache\tiles\tiles-request-velocity\1.0.7\tiles-request-velocity-1.0.7.jar;C:\LMS\repository\org\apache\tiles\tiles-el\3.0.8\tiles-el-3.0.8.jar;C:\LMS\repository\org\apache\tiles\tiles-mvel\3.0.8\tiles-mvel-3.0.8.jar;C:\LMS\repository\org\mvel\mvel2\2.0.11\mvel2-2.0.11.jar;C:\LMS\repository\org\apache\tiles\tiles-ognl\3.0.8\tiles-ognl-3.0.8.jar;C:\LMS\repository\ognl\ognl\2.7.3\ognl-2.7.3.jar;C:\LMS\repository\jboss\javassist\3.7.ga\javassist-3.7.ga.jar;C:\LMS\repository\org\apache\tiles\tiles-compat\3.0.8\tiles-compat-3.0.8.jar;C:\LMS\repository\com\google\guava\guava\12.0.1\guava-12.0.1.jar;C:\LMS\repository\com\google\code\findbugs\jsr305\1.3.9\jsr305-1.3.9.jar;C:\LMS\repository\org\slf4j\slf4j-api\1.7.6\slf4j-api-1.7.6.jar;C:\LMS\repository\commons-fileupload\commons-fileupload\1.4\commons-fileupload-1.4.jar;C:\LMS\repository\org\mybatis\mybatis\3.5.11\mybatis-3.5.11.jar;C:\LMS\repository\org\mybatis\mybatis-spring\2.0.7\mybatis-spring-2.0.7.jar;C:\LMS\repository\org\apache\logging\log4j\log4j-api\2.19.0\log4j-api-2.19.0.jar;C:\LMS\repository\org\apache\logging\log4j\log4j-core\2.19.0\log4j-core-2.19.0.jar;C:\LMS\repository\org\apache\logging\log4j\log4j-slf4j-impl\2.19.0\log4j-slf4j-impl-2.19.0.jar;C:\LMS\repository\org\aspectj\aspectjweaver\1.9.19\aspectjweaver-1.9.19.jar;C:\LMS\repository\org\aspectj\aspectjrt\1.9.19\aspectjrt-1.9.19.jar;C:\LMS\repository\org\springframework\spring-webmvc\5.3.19\spring-webmvc-5.3.19.jar;C:\LMS\repository\org\springframework\spring-aop\5.3.19\spring-aop-5.3.19.jar;C:\LMS\repository\org\springframework\spring-context\5.3.19\spring-context-5.3.19.jar;C:\LMS\repository\org\springframework\spring-expression\5.3.19\spring-expression-5.3.19.jar;C:\LMS\repository\org\springframework\spring-web\5.3.19\spring-web-5.3.19.jar;C:\LMS\repository\org\springframework\spring-jdbc\5.3.19\spring-jdbc-5.3.19.jar;C:\LMS\repository\org\springframework\spring-tx\5.3.19\spring-tx-5.3.19.jar;C:\LMS\repository\org\springframework\spring-context-support\5.3.19\spring-context-support-5.3.19.jar;C:\LMS\repository\org\springframework\spring-beans\5.3.19\spring-beans-5.3.19.jar;C:\LMS\repository\org\springframework\security\spring-security-core\5.6.3\spring-security-core-5.6.3.jar;C:\LMS\repository\org\springframework\security\spring-security-crypto\5.6.3\spring-security-crypto-5.6.3.jar;C:\LMS\repository\org\springframework\security\spring-security-web\5.6.3\spring-security-web-5.6.3.jar;C:\LMS\repository\org\springframework\security\spring-security-config\5.6.3\spring-security-config-5.6.3.jar;C:\LMS\repository\org\springframework\security\spring-security-acl\5.6.3\spring-security-acl-5.6.3.jar;C:\LMS\repository\com\fasterxml\jackson\core\jackson-core\2.14.0\jackson-core-2.14.0.jar;C:\LMS\repository\com\fasterxml\jackson\core\jackson-databind\2.14.0\jackson-databind-2.14.0.jar;C:\LMS\repository\com\fasterxml\jackson\core\jackson-annotations\2.14.0\jackson-annotations-2.14.0.jar;C:\LMS\repository\net\sf\json-lib\json-lib\2.4\json-lib-2.4-jdk13.jar;C:\LMS\repository\commons-beanutils\commons-beanutils\1.8.0\commons-beanutils-1.8.0.jar;C:\LMS\repository\commons-collections\commons-collections\3.2.1\commons-collections-3.2.1.jar;C:\LMS\repository\commons-lang\commons-lang\2.5\commons-lang-2.5.jar;C:\LMS\repository\net\sf\ezmorph\ezmorph\1.0.6\ezmorph-1.0.6.jar;C:\LMS\repository\joda-time\joda-time\2.12.2\joda-time-2.12.2.jar;C:\LMS\repository\org\quartz-scheduler\quartz\2.3.2\quartz-2.3.2.jar;C:\LMS\repository\com\mchange\c3p0\0.9.5.4\c3p0-0.9.5.4.jar;C:\LMS\repository\com\mchange\mchange-commons-java\0.2.15\mchange-commons-java-0.2.15.jar;C:\LMS\repository\com\zaxxer\HikariCP-java7\2.4.13\HikariCP-java7-2.4.13.jar;C:\LMS\repository\commons-io\commons-io\2.11.0\commons-io-2.11.0.jar;C:\LMS\repository\org\jsoup\jsoup\1.15.4\jsoup-1.15.4.jar;C:\LMS\repository\org\apache\poi\poi\5.2.2\poi-5.2.2.jar;C:\LMS\repository\org\apache\commons\commons-collections4\4.4\commons-collections4-4.4.jar;C:\LMS\repository\org\apache\commons\commons-math3\3.6.1\commons-math3-3.6.1.jar;C:\LMS\repository\com\zaxxer\SparseBitSet\1.2\SparseBitSet-1.2.jar;C:\LMS\repository\org\apache\poi\poi-ooxml\5.2.2\poi-ooxml-5.2.2.jar;C:\LMS\repository\org\apache\poi\poi-ooxml-lite\5.2.2\poi-ooxml-lite-5.2.2.jar;C:\LMS\repository\org\apache\xmlbeans\xmlbeans\5.0.3\xmlbeans-5.0.3.jar;C:\LMS\repository\xml-apis\xml-apis\1.4.01\xml-apis-1.4.01.jar;C:\LMS\repository\org\apache\commons\commons-compress\1.21\commons-compress-1.21.jar;C:\LMS\repository\com\github\virtuald\curvesapi\1.07\curvesapi-1.07.jar;C:\LMS\repository\org\apache\poi\poi-scratchpad\5.2.2\poi-scratchpad-5.2.2.jar;C:\LMS\repository\org\apache\httpcomponents\httpclient\4.5.14\httpclient-4.5.14.jar;C:\LMS\repository\org\apache\httpcomponents\httpcore\4.4.16\httpcore-4.4.16.jar;C:\LMS\repository\io\jsonwebtoken\jjwt-api\0.11.5\jjwt-api-0.11.5.jar;C:\LMS\repository\io\jsonwebtoken\jjwt-impl\0.11.5\jjwt-impl-0.11.5.jar;C:\LMS\repository\io\jsonwebtoken\jjwt-jackson\0.11.5\jjwt-jackson-0.11.5.jar;C:\LMS\repository\com\jcraft\jsch\0.1.55\jsch-0.1.55.jar;"/>
    <property name="sun.cpu.endian" value="little"/>
    <property name="user.home" value="C:\Users\dcshin"/>
    <property name="user.language" value="ko"/>
    <property name="java.specification.vendor" value="Oracle Corporation"/>
    <property name="java.home" value="C:\LMS\java\jdk1.8.0_91\jre"/>
    <property name="basedir" value="C:\LMS\workspace\Support"/>
    <property name="style.color" value="always"/>
    <property name="file.separator" value="\"/>
    <property name="line.separator" value="&#10;"/>
    <property name="java.vm.specification.vendor" value="Oracle Corporation"/>
    <property name="java.specification.name" value="Java Platform API Specification"/>
    <property name="java.awt.graphicsenv" value="sun.awt.Win32GraphicsEnvironment"/>
    <property name="surefire.real.class.path" value="C:\Users\dcshin\AppData\Local\Temp\surefire5920660352912915889\surefirebooter-20230703090639980_3.jar"/>
    <property name="sun.boot.class.path" value="C:\LMS\java\jdk1.8.0_91\jre\lib\resources.jar;C:\LMS\java\jdk1.8.0_91\jre\lib\rt.jar;C:\LMS\java\jdk1.8.0_91\jre\lib\sunrsasign.jar;C:\LMS\java\jdk1.8.0_91\jre\lib\jsse.jar;C:\LMS\java\jdk1.8.0_91\jre\lib\jce.jar;C:\LMS\java\jdk1.8.0_91\jre\lib\charsets.jar;C:\LMS\java\jdk1.8.0_91\jre\lib\jfr.jar;C:\LMS\java\jdk1.8.0_91\jre\classes"/>
    <property name="user.script" value=""/>
    <property name="sun.management.compiler" value="HotSpot 64-Bit Tiered Compilers"/>
    <property name="java.runtime.version" value="1.8.0_91-b14"/>
    <property name="user.name" value="dcshin"/>
    <property name="path.separator" value=";"/>
    <property name="os.version" value="10.0"/>
    <property name="java.endorsed.dirs" value="C:\LMS\java\jdk1.8.0_91\jre\lib\endorsed"/>
    <property name="java.runtime.name" value="Java(TM) SE Runtime Environment"/>
    <property name="file.encoding" value="MS949"/>
    <property name="java.vm.name" value="Java HotSpot(TM) 64-Bit Server VM"/>
    <property name="localRepository" value="C:\LMS\repository"/>
    <property name="java.vendor.url.bug" value="http://bugreport.sun.com/bugreport/"/>
    <property name="java.io.tmpdir" value="C:\Users\dcshin\AppData\Local\Temp\"/>
    <property name="java.version" value="1.8.0_91"/>
    <property name="user.dir" value="C:\LMS\workspace\Support"/>
    <property name="os.arch" value="amd64"/>
    <property name="java.vm.specification.name" value="Java Virtual Machine Specification"/>
    <property name="java.awt.printerjob" value="sun.awt.windows.WPrinterJob"/>
    <property name="sun.os.patch.level" value=""/>
    <property name="java.library.path" value="C:\LMS\java\jdk1.8.0_91\jre\bin;C:\WINDOWS\Sun\Java\bin;C:\WINDOWS\system32;C:\WINDOWS;C:/LMS/java/jdk-17.0.7/bin/server;C:/LMS/java/jdk-17.0.7/bin;C:\Program Files (x86)\VMware\VMware Player\bin\;C:\Program Files\Common Files\Oracle\Java\javapath;D:\Download\WINDOWS.X64_193000_db_home\bin;C:\Program Files\Eclipse Foundation\jdk-8.0.302.8-hotspot\bin;D:\app\client\dcshin\product\19.0.0\client_1\bin;C:\Windows\system32;C:\Windows;C:\Windows\System32\Wbem;C:\Windows\System32\WindowsPowerShell\v1.0\;C:\Program Files (x86)\NVIDIA Corporation\PhysX\Common;C:\Program Files\NVIDIA Corporation\NVIDIA NvDLISR;C:\WINDOWS\System32\OpenSSH\;C:\MONGO_ESL\java\jdk1.8.0_91\bin;D:\vertx\bin;D:\maven\bin;C:\Program Files\Git\cmd;C:\Program Files\PuTTY\;D:\AndroidStudio\platform-tools;C:\Program Files\Docker\Docker\resources\bin;C:\ProgramData\DockerDesktop\version-bin;C:\Program Files\dotnet\;D:\Program Files (x86)\Bitvise SSH Client;C:\Program Files\Java\jdk-11.0.17\bin;D:\Program Files\TortoiseSVN\bin;D:\flutter\bin;D:\tibero7\bin;D:\tibero7\client\bin;C:\Program Files\Bandizip\;C:\Users\dcshin\AppData\Local\Microsoft\WindowsApps;C:\Users\dcshin\AppData\Local\GitHubDesktop\bin;C:\Users\dcshin\.dotnet\tools;C:\Users\dcshin\AppData\Local\Programs\Microsoft VS Code\bin;C:\LMS\eclipse;;."/>
    <property name="java.vm.info" value="mixed mode"/>
    <property name="java.vendor" value="Oracle Corporation"/>
    <property name="java.vm.version" value="25.91-b14"/>
    <property name="java.ext.dirs" value="C:\LMS\java\jdk1.8.0_91\jre\lib\ext;C:\WINDOWS\Sun\Java\lib\ext"/>
    <property name="sun.io.unicode.encoding" value="UnicodeLittle"/>
    <property name="java.class.version" value="52.0"/>
  </properties>
  <testcase name="testCreateSign" classname="com.vertexid.commons.crypto.RSACryptographicUtilTest" time="1.786">
    <system-out><![CDATA[[2023-07-03 09:06:42,572][DEBUG][com.vertexid.spring.utils.BaseProperties.loadProperties(BaseProperties.java:96)] - IS PROPERTIES NAME = classpath:properties.dcshin_PC.xml
[2023-07-03 09:06:42,588][DEBUG][com.vertexid.spring.utils.BaseProperties.loadProperties(BaseProperties.java:100)] - IS DEFAULT Properteis Loaded!!
CREATE Private Key......com.vertexid.viself.security.RSAKeyVO@70325e14[
  privateKey=sun.security.rsa.RSAPrivateCrtKeyImpl@fffe118f
  publicKey=Sun RSA public key, 1024 bits
  modulus: 151982816850316401796725989054564542050967948619593562988882671754197804259857999930056523444020787077939150215121307679019031666864346541964249687150737060713540729583191322803769372915195942277627294317678919034312007318670406441345327660102744634730095917282840022993947292462566442341666447538937581418821
  public exponent: 65537
  publicKeyExponent=10001
  publicKeyModulus=d86e435c436cdb4f18df844282cec2d3a6a49a6bc6c445b2ca0fa8aa45a173a8e16e0642e6d0e2de6e1b7ea2af57087651dfa0a319d6e797eafa64804ee7461d8c5c5d462349dcc3e03f80edfaa8e6b91b10324570482ad6d31f39564888e23a96d496d61d62e854a825e78c5df4ed077e793307cbc176d77a9ad60654fa3945
  log=org.apache.logging.slf4j.Log4jLogger@4988d8b8
  toStringStyleStr=MULTI_LINE_STYLE
]
CREATE Private Key......MIICdwIBADANBgkqhkiG9w0BAQEFAASCAmEwggJdAgEAAoGBANhuQ1xDbNtPGN+EQoLOwtOmpJprxsRFssoPqKpFoXOo4W4GQubQ4t5uG36ir1cIdlHfoKMZ1ueX6vpkgE7nRh2MXF1GI0ncw+A/gO36qOa5GxAyRXBIKtbTHzlWSIjiOpbUltYdYuhUqCXnjF307Qd+eTMHy8F213qa1gZU+jlFAgMBAAECgYEAwnWvyEI8mH/lFU88g1NK8egUlTqpCMim765KGVMe0VC326d8jO66KKg9w/ZgHI7Z4I5RQrqAwO1aj0elkT9zWoouo5U7dcVwpis7UvadFzGZQ4WtYlMpOzvPs1K/H7NUlEV+Tl7oda+AKLMUy3wJGG+PzanbmAIuus3XUOgT5oECQQDu0qpJnj7snqOWLEKmrwCyXuz5TZvPPMq3zpUe+UdOYtlXPQqHj8VTi2axP5YIARPmuTSkCwjUiZebEAFU8lrtAkEA5/9NB1csAppuQjNo6B9U5N/VqszFouB0h6SJAdvufoVvOZ9WxUCxIk1REP3aeiT0TYuXiYk9Fjt3XoF0qiwUuQJBAIEWnbTtNFXx6bpiciRms5m2daDLskxyL6DqqO/1DfXwuEnPVMGxlJdz4i4skIwDCR7NPQbub/dx5+CI5i9kUIECQEzu/7dQdBrE5Y10iPR492kSxUNntp6Fun8E1B5WtaclTrYYHek5w8PxSdHNrPbWbGGOygjlBunpfHNNkMeh6JkCQG1sUyvfFIbNR3xwJczksSUad/tCcXu+EJsaEmyQeFNJyCPwQP5om3eg3bG8OAnegA4Q5sht7/2jz2k9X0U9Hr8=
CREATE publicKey Key......MIGfMA0GCSqGSIb3DQEBAQUAA4GNADCBiQKBgQDYbkNcQ2zbTxjfhEKCzsLTpqSaa8bERbLKD6iqRaFzqOFuBkLm0OLebht+oq9XCHZR36CjGdbnl+r6ZIBO50YdjFxdRiNJ3MPgP4Dt+qjmuRsQMkVwSCrW0x85VkiI4jqW1JbWHWLoVKgl54xd9O0HfnkzB8vBdtd6mtYGVPo5RQIDAQAB
sign....1
encSign....$2a$10$m0K2qoywOcvb061.bUELFe43lKg5P4SS1r9goC4AiuoNysj3sNrDq
]]></system-out>
  </testcase>
</testsuite>